<?xml version="1.0" encoding="UTF-8"?>
<!-- Generated by org.testng.reporters.JUnitReportReporter -->
<testsuite hostname="HP" failures="0" tests="1" name="scripts.Test0" time="0.005" errors="0" timestamp="2022-08-08T10:39:44 IST" skipped="0">
  <testcase classname="scripts.Test0" name="tc1" time="0.005"/>
  <system-out>
    <![CDATA[Hello Java]]>
  </system-out>
</testsuite> <!-- scripts.Test0 -->
