<?xml version="1.0" encoding="UTF-8"?>
<!-- Generated by org.testng.reporters.JUnitReportReporter -->
<testsuite hostname="HP" failures="0" tests="1" name="scripts.Test3" time="0.014" errors="0" timestamp="2022-08-08T10:39:44 IST" skipped="0">
  <testcase classname="scripts.Test3" name="tc4" time="0.014"/>
  <system-out>
    <![CDATA[Hello API...]]>
  </system-out>
</testsuite> <!-- scripts.Test3 -->
