<?xml version="1.0" encoding="UTF-8"?>
<!-- Generated by org.testng.reporters.JUnitReportReporter -->
<testsuite hostname="HP" failures="0" tests="1" name="scripts.Test2" time="0.002" errors="0" timestamp="2022-08-08T10:39:44 IST" skipped="0">
  <testcase classname="scripts.Test2" name="tc3" time="0.002"/>
  <system-out>
    <![CDATA[Hii Python]]>
  </system-out>
</testsuite> <!-- scripts.Test2 -->
